# JRE version: Java(TM) SE Runtime Environment (17.0.7+8) (build 17.0.7+8-LTS-224)
# Java VM: Java HotSpot(TM) 64-Bit Server VM (17.0.7+8-LTS-224, mixed mode, sharing, tiered, compressed oops, compressed class ptrs, g1 gc, windows-amd64)
GC Precious Log:
 CPUs: 8 total, 8 available
 Memory: 6077M
 Large Page Support: Disabled
 NUMA Support: Disabled
 Compressed Oops: Enabled (32-bit)
 Heap Region Size: 1M
 Heap Min Capacity: 8M
 Heap Initial Capacity: 96M
 Heap Max Capacity: 1520M
 Pre-touch: Disabled
 Parallel Workers: 8
 Concurrent Workers: 2
 Concurrent Refinement Workers: 8
 Periodic GC: Disabled
Heap:
 garbage-first heap   total 58368K, used 43653K [0x00000000a1000000, 0x0000000100000000)
  region size 1024K, 32 young (32768K), 4 survivors (4096K)
 Metaspace       used 25883K, committed 26240K, reserved 1073152K
  class space    used 3330K, committed 3520K, reserved 1048576K
GC Heap History (10 events):
Event: 19.292 GC heap before
{Heap before GC invocations=0 (full 0):
 garbage-first heap   total 98304K, used 25600K [0x00000000a1000000, 0x0000000100000000)
  region size 1024K, 23 young (23552K), 0 survivors (0K)
 Metaspace       used 4379K, committed 4544K, reserved 1056768K
  class space    used 498K, committed 576K, reserved 1048576K
}
Event: 19.431 GC heap after
{Heap after GC invocations=1 (full 0):
 garbage-first heap   total 98304K, used 8992K [0x00000000a1000000, 0x0000000100000000)
  region size 1024K, 3 young (3072K), 3 survivors (3072K)
 Metaspace       used 4379K, committed 4544K, reserved 1056768K
  class space    used 498K, committed 576K, reserved 1048576K
}
Event: 30.096 GC heap before
{Heap before GC invocations=1 (full 0):
 garbage-first heap   total 98304K, used 26400K [0x00000000a1000000, 0x0000000100000000)
  region size 1024K, 20 young (20480K), 3 survivors (3072K)
 Metaspace       used 7919K, committed 8128K, reserved 1056768K
  class space    used 968K, committed 1088K, reserved 1048576K
}
Event: 30.131 GC heap after
{Heap after GC invocations=2 (full 0):
 garbage-first heap   total 98304K, used 11088K [0x00000000a1000000, 0x0000000100000000)
  region size 1024K, 2 young (2048K), 2 survivors (2048K)
 Metaspace       used 7919K, committed 8128K, reserved 1056768K
  class space    used 968K, committed 1088K, reserved 1048576K
}
Event: 34.232 GC heap before
{Heap before GC invocations=2 (full 0):
 garbage-first heap   total 98304K, used 35664K [0x00000000a1000000, 0x0000000100000000)
  region size 1024K, 27 young (27648K), 2 survivors (2048K)
 Metaspace       used 14350K, committed 14528K, reserved 1064960K
  class space    used 1757K, committed 1856K, reserved 1048576K
}
Event: 34.268 GC heap after
{Heap after GC invocations=3 (full 0):
 garbage-first heap   total 98304K, used 13042K [0x00000000a1000000, 0x0000000100000000)
  region size 1024K, 4 young (4096K), 4 survivors (4096K)
 Metaspace       used 14350K, committed 14528K, reserved 1064960K
  class space    used 1757K, committed 1856K, reserved 1048576K
}
Event: 50.101 GC heap before
{Heap before GC invocations=3 (full 0):
 garbage-first heap   total 98304K, used 62194K [0x00000000a1000000, 0x0000000100000000)
  region size 1024K, 53 young (54272K), 4 survivors (4096K)
 Metaspace       used 20485K, committed 20736K, reserved 1073152K
  class space    used 2513K, committed 2624K, reserved 1048576K
}
Event: 50.283 GC heap after
{Heap after GC invocations=4 (full 0):
 garbage-first heap   total 98304K, used 16734K [0x00000000a1000000, 0x0000000100000000)
  region size 1024K, 6 young (6144K), 6 survivors (6144K)
 Metaspace       used 20485K, committed 20736K, reserved 1073152K
  class space    used 2513K, committed 2624K, reserved 1048576K
}
Event: 52.407 GC heap before
{Heap before GC invocations=4 (full 0):
 garbage-first heap   total 98304K, used 20830K [0x00000000a1000000, 0x0000000100000000)
  region size 1024K, 11 young (11264K), 6 survivors (6144K)
 Metaspace       used 21228K, committed 21504K, reserved 1073152K
  class space    used 2621K, committed 2752K, reserved 1048576K
}
Event: 52.511 GC heap after
{Heap after GC invocations=5 (full 0):
 garbage-first heap   total 98304K, used 17029K [0x00000000a1000000, 0x0000000100000000)
  region size 1024K, 4 young (4096K), 4 survivors (4096K)
 Metaspace       used 21228K, committed 21504K, reserved 1073152K
  class space    used 2621K, committed 2752K, reserved 1048576K
}

